Apellido: Harris
Nombre: Steve
Legajo: 3
Correo: sharris@maiden.com.uk
Clave: eddie666
Perfil: vendedor
Fecha de logueo: 2023-10-07 00:12:08

Apellido: Gorgen
Nombre: Corey
Legajo: 1
Correo: cgorgen@vendedor.com
Clave: 123abc45
Perfil: vendedor
Fecha de logueo: 2023-10-07 00:13:12

Apellido: Robinson
Nombre: Tilda
Legajo: 4
Correo: trobinson@super.com
Clave: 12345678
Perfil: supervisor
Fecha de logueo: 2023-10-07 00:18:30

Apellido: Gorgen
Nombre: Corey
Legajo: 1
Correo: cgorgen@vendedor.com
Clave: 123abc45
Perfil: vendedor
Fecha de logueo: 2023-10-07 00:23:11

Apellido: Jordan
Nombre: Michael
Legajo: 5
Correo: admin@admin.com
Clave: 12345678
Perfil: administrador
Fecha de logueo: 2023-10-07 00:27:56

Apellido: Jordan
Nombre: Michael
Legajo: 5
Correo: admin@admin.com
Clave: 12345678
Perfil: administrador
Fecha de logueo: 2023-10-07 00:28:28

Apellido: Harroll
Nombre: Ingrid
Legajo: 2
Correo: iharroll@vendedor.com
Clave: qweasdzx
Perfil: vendedor
Fecha de logueo: 2023-10-07 00:31:40

Apellido: Robinson
Nombre: Tilda
Legajo: 4
Correo: trobinson@super.com
Clave: 12345678
Perfil: supervisor
Fecha de logueo: 2023-10-07 00:33:50

Apellido: Harroll
Nombre: Ingrid
Legajo: 2
Correo: iharroll@vendedor.com
Clave: qweasdzx
Perfil: vendedor
Fecha de logueo: 2023-10-07 00:34:54

Apellido: Harris
Nombre: Steve
Legajo: 3
Correo: sharris@maiden.com.uk
Clave: eddie666
Perfil: vendedor
Fecha de logueo: 2023-10-07 00:35:23

Apellido: Jordan
Nombre: Michael
Legajo: 5
Correo: admin@admin.com
Clave: 12345678
Perfil: administrador
Fecha de logueo: 2023-10-07 00:36:31

Apellido: Robinson
Nombre: Tilda
Legajo: 4
Correo: trobinson@super.com
Clave: 12345678
Perfil: supervisor
Fecha de logueo: 2023-10-07 01:01:02

Apellido: Gorgen
Nombre: Corey
Legajo: 1
Correo: cgorgen@vendedor.com
Clave: 123abc45
Perfil: vendedor
Fecha de logueo: 2023-10-07 01:01:19

Apellido: Robinson
Nombre: Tilda
Legajo: 4
Correo: trobinson@super.com
Clave: 12345678
Perfil: supervisor
Fecha de logueo: 2023-10-07 01:02:37

Apellido: Robinson
Nombre: Tilda
Legajo: 4
Correo: trobinson@super.com
Clave: 12345678
Perfil: supervisor
Fecha de logueo: 2023-10-07 01:03:01

Apellido: Harris
Nombre: Steve
Legajo: 3
Correo: sharris@maiden.com.uk
Clave: eddie666
Perfil: vendedor
Fecha de logueo: 2023-10-07 01:03:11

Apellido: Gorgen
Nombre: Corey
Legajo: 1
Correo: cgorgen@vendedor.com
Clave: 123abc45
Perfil: vendedor
Fecha de logueo: 2023-10-07 01:03:33

Apellido: Harroll
Nombre: Ingrid
Legajo: 2
Correo: iharroll@vendedor.com
Clave: qweasdzx
Perfil: vendedor
Fecha de logueo: 2023-10-07 01:04:48

Apellido: Gorgen
Nombre: Corey
Legajo: 1
Correo: cgorgen@vendedor.com
Clave: 123abc45
Perfil: vendedor
Fecha de logueo: 2023-10-07 01:04:57

Apellido: Harroll
Nombre: Ingrid
Legajo: 2
Correo: iharroll@vendedor.com
Clave: qweasdzx
Perfil: vendedor
Fecha de logueo: 2023-10-07 01:04:59

Apellido: Robinson
Nombre: Tilda
Legajo: 4
Correo: trobinson@super.com
Clave: 12345678
Perfil: supervisor
Fecha de logueo: 2023-10-07 01:05:02

Apellido: Gorgen
Nombre: Corey
Legajo: 1
Correo: cgorgen@vendedor.com
Clave: 123abc45
Perfil: vendedor
Fecha de logueo: 2023-10-07 01:05:06

Apellido: Harris
Nombre: Steve
Legajo: 3
Correo: sharris@maiden.com.uk
Clave: eddie666
Perfil: vendedor
Fecha de logueo: 2023-10-07 01:05:09

Apellido: Harroll
Nombre: Ingrid
Legajo: 2
Correo: iharroll@vendedor.com
Clave: qweasdzx
Perfil: vendedor
Fecha de logueo: 2023-10-07 01:05:12

Apellido: Jordan
Nombre: Michael
Legajo: 5
Correo: admin@admin.com
Clave: 12345678
Perfil: administrador
Fecha de logueo: 2023-10-07 01:05:14

Apellido: Robinson
Nombre: Tilda
Legajo: 4
Correo: trobinson@super.com
Clave: 12345678
Perfil: supervisor
Fecha de logueo: 2023-10-07 01:05:28

Apellido: Gorgen
Nombre: Corey
Legajo: 1
Correo: cgorgen@vendedor.com
Clave: 123abc45
Perfil: vendedor
Fecha de logueo: 2023-10-07 01:10:06

Apellido: Harroll
Nombre: Ingrid
Legajo: 2
Correo: iharroll@vendedor.com
Clave: qweasdzx
Perfil: vendedor
Fecha de logueo: 2023-10-07 01:10:34

Apellido: Jordan
Nombre: Michael
Legajo: 5
Correo: admin@admin.com
Clave: 12345678
Perfil: administrador
Fecha de logueo: 2023-10-07 01:12:40

Apellido: Robinson
Nombre: Tilda
Legajo: 4
Correo: trobinson@super.com
Clave: 12345678
Perfil: supervisor
Fecha de logueo: 2023-10-07 01:15:50

Apellido: Harroll
Nombre: Ingrid
Legajo: 2
Correo: iharroll@vendedor.com
Clave: qweasdzx
Perfil: vendedor
Fecha de logueo: 2023-10-07 01:15:53

Apellido: Gorgen
Nombre: Corey
Legajo: 1
Correo: cgorgen@vendedor.com
Clave: 123abc45
Perfil: vendedor
Fecha de logueo: 2023-10-07 01:15:56

Apellido: Harroll
Nombre: Ingrid
Legajo: 2
Correo: iharroll@vendedor.com
Clave: qweasdzx
Perfil: vendedor
Fecha de logueo: 2023-10-07 01:19:34

Apellido: Robinson
Nombre: Tilda
Legajo: 4
Correo: trobinson@super.com
Clave: 12345678
Perfil: supervisor
Fecha de logueo: 2023-10-07 01:22:53

Apellido: Jordan
Nombre: Michael
Legajo: 5
Correo: admin@admin.com
Clave: 12345678
Perfil: administrador
Fecha de logueo: 2023-10-07 01:23:01

Apellido: Jordan
Nombre: Michael
Legajo: 5
Correo: admin@admin.com
Clave: 12345678
Perfil: administrador
Fecha de logueo: 2023-10-07 01:23:20

Apellido: Gorgen
Nombre: Corey
Legajo: 1
Correo: cgorgen@vendedor.com
Clave: 123abc45
Perfil: vendedor
Fecha de logueo: 2023-10-08 03:21:12

Apellido: Gorgen
Nombre: Corey
Legajo: 1
Correo: cgorgen@vendedor.com
Clave: 123abc45
Perfil: vendedor
Fecha de logueo: 2023-10-08 03:23:32

Apellido: Harris
Nombre: Steve
Legajo: 3
Correo: sharris@maiden.com.uk
Clave: eddie666
Perfil: vendedor
Fecha de logueo: 2023-10-08 03:25:22

Apellido: Gorgen
Nombre: Corey
Legajo: 1
Correo: cgorgen@vendedor.com
Clave: 123abc45
Perfil: vendedor
Fecha de logueo: 2023-10-08 03:25:27

Apellido: Harris
Nombre: Steve
Legajo: 3
Correo: sharris@maiden.com.uk
Clave: eddie666
Perfil: vendedor
Fecha de logueo: 2023-10-08 03:26:32

Apellido: Robinson
Nombre: Tilda
Legajo: 4
Correo: trobinson@super.com
Clave: 12345678
Perfil: supervisor
Fecha de logueo: 2023-10-08 03:26:42

Apellido: Gorgen
Nombre: Corey
Legajo: 1
Correo: cgorgen@vendedor.com
Clave: 123abc45
Perfil: vendedor
Fecha de logueo: 2023-10-08 03:27:42

Apellido: Gorgen
Nombre: Corey
Legajo: 1
Correo: cgorgen@vendedor.com
Clave: 123abc45
Perfil: vendedor
Fecha de logueo: 2023-10-08 03:28:42

Apellido: Jordan
Nombre: Michael
Legajo: 5
Correo: admin@admin.com
Clave: 12345678
Perfil: administrador
Fecha de logueo: 2023-10-08 03:29:03

Apellido: Robinson
Nombre: Tilda
Legajo: 4
Correo: trobinson@super.com
Clave: 12345678
Perfil: supervisor
Fecha de logueo: 2023-10-08 03:31:45

Apellido: Harroll
Nombre: Ingrid
Legajo: 2
Correo: iharroll@vendedor.com
Clave: qweasdzx
Perfil: vendedor
Fecha de logueo: 2023-10-08 03:31:53

Apellido: Jordan
Nombre: Michael
Legajo: 5
Correo: admin@admin.com
Clave: 12345678
Perfil: administrador
Fecha de logueo: 2023-10-10 10:01:07

Apellido: Harris
Nombre: Steve
Legajo: 3
Correo: sharris@maiden.com.uk
Clave: eddie666
Perfil: vendedor
Fecha de logueo: 2023-10-10 10:02:12

Apellido: Harris
Nombre: Steve
Legajo: 3
Correo: sharris@maiden.com.uk
Clave: eddie666
Perfil: vendedor
Fecha de logueo: 2023-10-10 10:12:51

Apellido: Robinson
Nombre: Tilda
Legajo: 4
Correo: trobinson@super.com
Clave: 12345678
Perfil: supervisor
Fecha de logueo: 2023-10-10 18:20:35

Apellido: Harris
Nombre: Steve
Legajo: 3
Correo: sharris@maiden.com.uk
Clave: eddie666
Perfil: vendedor
Fecha de logueo: 2023-10-10 18:20:53

Apellido: Harris
Nombre: Steve
Legajo: 3
Correo: sharris@maiden.com.uk
Clave: eddie666
Perfil: vendedor
Fecha de logueo: 2023-10-10 18:20:57

Apellido: Harris
Nombre: Steve
Legajo: 3
Correo: sharris@maiden.com.uk
Clave: eddie666
Perfil: vendedor
Fecha de logueo: 2023-10-10 18:27:15

Apellido: Gorgen
Nombre: Corey
Legajo: 1
Correo: cgorgen@vendedor.com
Clave: 123abc45
Perfil: vendedor
Fecha de logueo: 2023-10-10 18:27:48

Apellido: Harris
Nombre: Steve
Legajo: 3
Correo: sharris@maiden.com.uk
Clave: eddie666
Perfil: vendedor
Fecha de logueo: 2023-10-10 18:27:56

Apellido: Harroll
Nombre: Ingrid
Legajo: 2
Correo: iharroll@vendedor.com
Clave: qweasdzx
Perfil: vendedor
Fecha de logueo: 2023-10-10 18:28:41

Apellido: Harroll
Nombre: Ingrid
Legajo: 2
Correo: iharroll@vendedor.com
Clave: qweasdzx
Perfil: vendedor
Fecha de logueo: 2023-10-10 18:28:46

Apellido: Harroll
Nombre: Ingrid
Legajo: 2
Correo: iharroll@vendedor.com
Clave: qweasdzx
Perfil: vendedor
Fecha de logueo: 2023-10-10 18:28:55

Apellido: Harroll
Nombre: Ingrid
Legajo: 2
Correo: iharroll@vendedor.com
Clave: qweasdzx
Perfil: vendedor
Fecha de logueo: 2023-10-10 18:28:57

Apellido: Gorgen
Nombre: Corey
Legajo: 1
Correo: cgorgen@vendedor.com
Clave: 123abc45
Perfil: vendedor
Fecha de logueo: 2023-10-10 18:29:44

Apellido: Jordan
Nombre: Michael
Legajo: 5
Correo: admin@admin.com
Clave: 12345678
Perfil: administrador
Fecha de logueo: 2023-10-10 18:29:49

Apellido: Harris
Nombre: Steve
Legajo: 3
Correo: sharris@maiden.com.uk
Clave: eddie666
Perfil: vendedor
Fecha de logueo: 2023-10-10 18:39:00

Apellido: Gorgen
Nombre: Corey
Legajo: 1
Correo: cgorgen@vendedor.com
Clave: 123abc45
Perfil: vendedor
Fecha de logueo: 2023-10-10 18:58:32

Apellido: Jordan
Nombre: Michael
Legajo: 5
Correo: admin@admin.com
Clave: 12345678
Perfil: administrador
Fecha de logueo: 2023-10-10 19:00:23

Apellido: Robinson
Nombre: Tilda
Legajo: 4
Correo: trobinson@super.com
Clave: 12345678
Perfil: supervisor
Fecha de logueo: 2023-10-10 19:02:41

Apellido: Harris
Nombre: Steve
Legajo: 3
Correo: sharris@maiden.com.uk
Clave: eddie666
Perfil: vendedor
Fecha de logueo: 2023-10-10 19:06:08

Apellido: Harroll
Nombre: Ingrid
Legajo: 2
Correo: iharroll@vendedor.com
Clave: qweasdzx
Perfil: vendedor
Fecha de logueo: 2023-10-10 20:29:31

Apellido: Robinson
Nombre: Tilda
Legajo: 4
Correo: trobinson@super.com
Clave: 12345678
Perfil: supervisor
Fecha de logueo: 2023-10-10 20:30:23

Apellido: Jordan
Nombre: Michael
Legajo: 5
Correo: admin@admin.com
Clave: 12345678
Perfil: administrador
Fecha de logueo: 2023-10-10 20:36:43

Apellido: Jordan
Nombre: Michael
Legajo: 5
Correo: admin@admin.com
Clave: 12345678
Perfil: administrador
Fecha de logueo: 2023-10-10 21:16:09

Apellido: Jordan
Nombre: Michael
Legajo: 5
Correo: admin@admin.com
Clave: 12345678
Perfil: administrador
Fecha de logueo: 2023-10-10 21:16:46

Apellido: Jordan
Nombre: Michael
Legajo: 5
Correo: admin@admin.com
Clave: 12345678
Perfil: administrador
Fecha de logueo: 2023-10-10 22:05:19

Apellido: Robinson
Nombre: Tilda
Legajo: 4
Correo: trobinson@super.com
Clave: 12345678
Perfil: supervisor
Fecha de logueo: 2023-10-10 22:15:17

Apellido: Harroll
Nombre: Ingrid
Legajo: 2
Correo: iharroll@vendedor.com
Clave: qweasdzx
Perfil: vendedor
Fecha de logueo: 2023-10-10 22:28:06

Apellido: Robinson
Nombre: Tilda
Legajo: 4
Correo: trobinson@super.com
Clave: 12345678
Perfil: supervisor
Fecha de logueo: 2023-10-10 22:30:00

Apellido: Harroll
Nombre: Ingrid
Legajo: 2
Correo: iharroll@vendedor.com
Clave: qweasdzx
Perfil: vendedor
Fecha de logueo: 2023-10-10 22:42:53

Apellido: Harris
Nombre: Steve
Legajo: 3
Correo: sharris@maiden.com.uk
Clave: eddie666
Perfil: vendedor
Fecha de logueo: 2023-10-10 22:45:18

Apellido: Robinson
Nombre: Tilda
Legajo: 4
Correo: trobinson@super.com
Clave: 12345678
Perfil: supervisor
Fecha de logueo: 2023-10-10 22:46:47

Apellido: Gorgen
Nombre: Corey
Legajo: 1
Correo: cgorgen@vendedor.com
Clave: 123abc45
Perfil: vendedor
Fecha de logueo: 2023-10-10 22:47:16

Apellido: Jordan
Nombre: Michael
Legajo: 5
Correo: admin@admin.com
Clave: 12345678
Perfil: administrador
Fecha de logueo: 2023-10-10 23:07:31

Apellido: Gorgen
Nombre: Corey
Legajo: 1
Correo: cgorgen@vendedor.com
Clave: 123abc45
Perfil: vendedor
Fecha de logueo: 2023-10-10 23:08:21

Apellido: Jordan
Nombre: Michael
Legajo: 5
Correo: admin@admin.com
Clave: 12345678
Perfil: administrador
Fecha de logueo: 2023-10-10 23:12:17

Apellido: Robinson
Nombre: Tilda
Legajo: 4
Correo: trobinson@super.com
Clave: 12345678
Perfil: supervisor
Fecha de logueo: 2023-10-10 23:12:36

Apellido: Gorgen
Nombre: Corey
Legajo: 1
Correo: cgorgen@vendedor.com
Clave: 123abc45
Perfil: vendedor
Fecha de logueo: 2023-10-10 23:14:48

Apellido: Gorgen
Nombre: Corey
Legajo: 1
Correo: cgorgen@vendedor.com
Clave: 123abc45
Perfil: vendedor
Fecha de logueo: 2023-10-10 23:16:01

Apellido: Harris
Nombre: Steve
Legajo: 3
Correo: sharris@maiden.com.uk
Clave: eddie666
Perfil: vendedor
Fecha de logueo: 2023-10-10 23:16:28

Apellido: Robinson
Nombre: Tilda
Legajo: 4
Correo: trobinson@super.com
Clave: 12345678
Perfil: supervisor
Fecha de logueo: 2023-10-10 23:19:54

Apellido: Harroll
Nombre: Ingrid
Legajo: 2
Correo: iharroll@vendedor.com
Clave: qweasdzx
Perfil: vendedor
Fecha de logueo: 2023-10-10 23:21:08

Apellido: Gorgen
Nombre: Corey
Legajo: 1
Correo: cgorgen@vendedor.com
Clave: 123abc45
Perfil: vendedor
Fecha de logueo: 2023-10-10 23:47:16

Apellido: Harroll
Nombre: Ingrid
Legajo: 2
Correo: iharroll@vendedor.com
Clave: qweasdzx
Perfil: vendedor
Fecha de logueo: 2023-10-11 00:15:39

Apellido: Robinson
Nombre: Tilda
Legajo: 4
Correo: trobinson@super.com
Clave: 12345678
Perfil: supervisor
Fecha de logueo: 2023-10-11 00:26:41

Apellido: Jordan
Nombre: Michael
Legajo: 5
Correo: admin@admin.com
Clave: 12345678
Perfil: administrador
Fecha de logueo: 2023-10-11 00:32:08

Apellido: Harris
Nombre: Steve
Legajo: 3
Correo: sharris@maiden.com.uk
Clave: eddie666
Perfil: vendedor
Fecha de logueo: 2023-10-11 00:49:26

Apellido: Gorgen
Nombre: Corey
Legajo: 1
Correo: cgorgen@vendedor.com
Clave: 123abc45
Perfil: vendedor
Fecha de logueo: 2023-10-11 00:50:49

Apellido: Harroll
Nombre: Ingrid
Legajo: 2
Correo: iharroll@vendedor.com
Clave: qweasdzx
Perfil: vendedor
Fecha de logueo: 2023-10-11 00:53:30

Apellido: Jordan
Nombre: Michael
Legajo: 5
Correo: admin@admin.com
Clave: 12345678
Perfil: administrador
Fecha de logueo: 2023-10-11 00:56:18

Apellido: Gorgen
Nombre: Corey
Legajo: 1
Correo: cgorgen@vendedor.com
Clave: 123abc45
Perfil: vendedor
Fecha de logueo: 2023-10-11 00:57:33

Apellido: Harris
Nombre: Steve
Legajo: 3
Correo: sharris@maiden.com.uk
Clave: eddie666
Perfil: vendedor
Fecha de logueo: 2023-10-11 01:00:38

Apellido: Gorgen
Nombre: Corey
Legajo: 1
Correo: cgorgen@vendedor.com
Clave: 123abc45
Perfil: vendedor
Fecha de logueo: 2023-10-11 01:03:49

Apellido: Harris
Nombre: Steve
Legajo: 3
Correo: sharris@maiden.com.uk
Clave: eddie666
Perfil: vendedor
Fecha de logueo: 2023-10-11 01:15:30

Apellido: Jordan
Nombre: Michael
Legajo: 5
Correo: admin@admin.com
Clave: 12345678
Perfil: administrador
Fecha de logueo: 2023-10-11 01:18:35

Apellido: Gorgen
Nombre: Corey
Legajo: 1
Correo: cgorgen@vendedor.com
Clave: 123abc45
Perfil: vendedor
Fecha de logueo: 2023-10-11 01:20:13

Apellido: Harris
Nombre: Steve
Legajo: 3
Correo: sharris@maiden.com.uk
Clave: eddie666
Perfil: vendedor
Fecha de logueo: 2023-10-11 02:18:20

Apellido: Gorgen
Nombre: Corey
Legajo: 1
Correo: cgorgen@vendedor.com
Clave: 123abc45
Perfil: vendedor
Fecha de logueo: 2023-10-11 02:22:33

Apellido: Gorgen
Nombre: Corey
Legajo: 1
Correo: cgorgen@vendedor.com
Clave: 123abc45
Perfil: vendedor
Fecha de logueo: 2023-10-11 02:28:19

Apellido: Robinson
Nombre: Tilda
Legajo: 4
Correo: trobinson@super.com
Clave: 12345678
Perfil: supervisor
Fecha de logueo: 2023-10-11 02:40:05

Apellido: Gorgen
Nombre: Corey
Legajo: 1
Correo: cgorgen@vendedor.com
Clave: 123abc45
Perfil: vendedor
Fecha de logueo: 2023-10-11 02:41:53

Apellido: Jordan
Nombre: Michael
Legajo: 5
Correo: admin@admin.com
Clave: 12345678
Perfil: administrador
Fecha de logueo: 2023-10-11 02:43:52

Apellido: Gorgen
Nombre: Corey
Legajo: 1
Correo: cgorgen@vendedor.com
Clave: 123abc45
Perfil: vendedor
Fecha de logueo: 2023-10-11 02:44:40

Apellido: Jordan
Nombre: Michael
Legajo: 5
Correo: admin@admin.com
Clave: 12345678
Perfil: administrador
Fecha de logueo: 2023-10-11 02:54:18

Apellido: Harroll
Nombre: Ingrid
Legajo: 2
Correo: iharroll@vendedor.com
Clave: qweasdzx
Perfil: vendedor
Fecha de logueo: 2023-10-11 02:54:50

Apellido: Jordan
Nombre: Michael
Legajo: 5
Correo: admin@admin.com
Clave: 12345678
Perfil: administrador
Fecha de logueo: 2023-10-11 02:56:16

Apellido: Harris
Nombre: Steve
Legajo: 3
Correo: sharris@maiden.com.uk
Clave: eddie666
Perfil: vendedor
Fecha de logueo: 2023-10-11 02:56:47

Apellido: Gorgen
Nombre: Corey
Legajo: 1
Correo: cgorgen@vendedor.com
Clave: 123abc45
Perfil: vendedor
Fecha de logueo: 2023-10-11 03:05:22

Apellido: Robinson
Nombre: Tilda
Legajo: 4
Correo: trobinson@super.com
Clave: 12345678
Perfil: supervisor
Fecha de logueo: 2023-10-11 03:05:39

Apellido: Robinson
Nombre: Tilda
Legajo: 4
Correo: trobinson@super.com
Clave: 12345678
Perfil: supervisor
Fecha de logueo: 2023-10-11 03:06:10

Apellido: Jordan
Nombre: Michael
Legajo: 5
Correo: admin@admin.com
Clave: 12345678
Perfil: administrador
Fecha de logueo: 2023-10-11 03:29:06

Apellido: Gorgen
Nombre: Corey
Legajo: 1
Correo: cgorgen@vendedor.com
Clave: 123abc45
Perfil: vendedor
Fecha de logueo: 2023-10-11 04:10:06

Apellido: Harris
Nombre: Steve
Legajo: 3
Correo: sharris@maiden.com.uk
Clave: eddie666
Perfil: vendedor
Fecha de logueo: 2023-10-11 04:37:21

Apellido: Jordan
Nombre: Michael
Legajo: 5
Correo: admin@admin.com
Clave: 12345678
Perfil: administrador
Fecha de logueo: 2023-10-11 04:39:35

Apellido: Gorgen
Nombre: Corey
Legajo: 1
Correo: cgorgen@vendedor.com
Clave: 123abc45
Perfil: vendedor
Fecha de logueo: 2023-10-11 04:58:06

Apellido: Robinson
Nombre: Tilda
Legajo: 4
Correo: trobinson@super.com
Clave: 12345678
Perfil: supervisor
Fecha de logueo: 2023-10-11 05:04:21

Apellido: Gorgen
Nombre: Corey
Legajo: 1
Correo: cgorgen@vendedor.com
Clave: 123abc45
Perfil: vendedor
Fecha de logueo: 2023-10-11 05:14:31

Apellido: Robinson
Nombre: Tilda
Legajo: 4
Correo: trobinson@super.com
Clave: 12345678
Perfil: supervisor
Fecha de logueo: 2023-10-11 05:18:44

Apellido: Harroll
Nombre: Ingrid
Legajo: 2
Correo: iharroll@vendedor.com
Clave: qweasdzx
Perfil: vendedor
Fecha de logueo: 2023-10-11 05:57:09

Apellido: Harroll
Nombre: Ingrid
Legajo: 2
Correo: iharroll@vendedor.com
Clave: qweasdzx
Perfil: vendedor
Fecha de logueo: 2023-10-12 00:31:19

Apellido: Gorgen
Nombre: Corey
Legajo: 1
Correo: cgorgen@vendedor.com
Clave: 123abc45
Perfil: vendedor
Fecha de logueo: 2023-10-12 00:37:23

Apellido: Jordan
Nombre: Michael
Legajo: 5
Correo: admin@admin.com
Clave: 12345678
Perfil: administrador
Fecha de logueo: 2023-10-12 00:39:06

Apellido: Jordan
Nombre: Michael
Legajo: 5
Correo: admin@admin.com
Clave: 12345678
Perfil: administrador
Fecha de logueo: 2023-10-12 00:42:19

Apellido: Robinson
Nombre: Tilda
Legajo: 4
Correo: trobinson@super.com
Clave: 12345678
Perfil: supervisor
Fecha de logueo: 2023-10-12 00:43:38

Apellido: Harris
Nombre: Steve
Legajo: 3
Correo: sharris@maiden.com.uk
Clave: eddie666
Perfil: vendedor
Fecha de logueo: 2023-10-12 00:43:46

Apellido: Harris
Nombre: Steve
Legajo: 3
Correo: sharris@maiden.com.uk
Clave: eddie666
Perfil: vendedor
Fecha de logueo: 2023-10-12 02:16:36

Apellido: Harris
Nombre: Steve
Legajo: 3
Correo: sharris@maiden.com.uk
Clave: eddie666
Perfil: vendedor
Fecha de logueo: 2023-10-12 02:22:57

Apellido: Harris
Nombre: Steve
Legajo: 3
Correo: sharris@maiden.com.uk
Clave: eddie666
Perfil: vendedor
Fecha de logueo: 2023-10-12 02:25:04

Apellido: Harroll
Nombre: Ingrid
Legajo: 2
Correo: iharroll@vendedor.com
Clave: qweasdzx
Perfil: vendedor
Fecha de logueo: 2023-10-12 02:29:11

Apellido: Robinson
Nombre: Tilda
Legajo: 4
Correo: trobinson@super.com
Clave: 12345678
Perfil: supervisor
Fecha de logueo: 2023-10-12 02:31:36

Apellido: Jordan
Nombre: Michael
Legajo: 5
Correo: admin@admin.com
Clave: 12345678
Perfil: administrador
Fecha de logueo: 2023-10-12 02:32:53

Apellido: Harroll
Nombre: Ingrid
Legajo: 2
Correo: iharroll@vendedor.com
Clave: qweasdzx
Perfil: vendedor
Fecha de logueo: 2023-10-12 02:35:26

Apellido: Gorgen
Nombre: Corey
Legajo: 1
Correo: cgorgen@vendedor.com
Clave: 123abc45
Perfil: vendedor
Fecha de logueo: 2023-10-12 02:37:05

Apellido: Robinson
Nombre: Tilda
Legajo: 4
Correo: trobinson@super.com
Clave: 12345678
Perfil: supervisor
Fecha de logueo: 2023-10-12 02:37:50

Apellido: Harroll
Nombre: Ingrid
Legajo: 2
Correo: iharroll@vendedor.com
Clave: qweasdzx
Perfil: vendedor
Fecha de logueo: 2023-10-12 02:40:19

Apellido: Harris
Nombre: Steve
Legajo: 3
Correo: sharris@maiden.com.uk
Clave: eddie666
Perfil: vendedor
Fecha de logueo: 2023-10-12 02:41:40

Apellido: Harroll
Nombre: Ingrid
Legajo: 2
Correo: iharroll@vendedor.com
Clave: qweasdzx
Perfil: vendedor
Fecha de logueo: 2023-10-12 02:41:55

Apellido: Gorgen
Nombre: Corey
Legajo: 1
Correo: cgorgen@vendedor.com
Clave: 123abc45
Perfil: vendedor
Fecha de logueo: 2023-10-12 02:42:22

Apellido: Jordan
Nombre: Michael
Legajo: 5
Correo: admin@admin.com
Clave: 12345678
Perfil: administrador
Fecha de logueo: 2023-10-12 02:51:32

Apellido: Harris
Nombre: Steve
Legajo: 3
Correo: sharris@maiden.com.uk
Clave: eddie666
Perfil: vendedor
Fecha de logueo: 2023-10-12 02:52:59

Apellido: Harroll
Nombre: Ingrid
Legajo: 2
Correo: iharroll@vendedor.com
Clave: qweasdzx
Perfil: vendedor
Fecha de logueo: 2023-10-12 02:55:09

Apellido: Gorgen
Nombre: Corey
Legajo: 1
Correo: cgorgen@vendedor.com
Clave: 123abc45
Perfil: vendedor
Fecha de logueo: 2023-10-12 03:06:33

Apellido: Gorgen
Nombre: Corey
Legajo: 1
Correo: cgorgen@vendedor.com
Clave: 123abc45
Perfil: vendedor
Fecha de logueo: 2023-10-12 03:06:57

Apellido: Robinson
Nombre: Tilda
Legajo: 4
Correo: trobinson@super.com
Clave: 12345678
Perfil: supervisor
Fecha de logueo: 2023-10-12 03:09:49

Apellido: Harris
Nombre: Steve
Legajo: 3
Correo: sharris@maiden.com.uk
Clave: eddie666
Perfil: vendedor
Fecha de logueo: 2023-10-12 03:10:00

Apellido: Robinson
Nombre: Tilda
Legajo: 4
Correo: trobinson@super.com
Clave: 12345678
Perfil: supervisor
Fecha de logueo: 2023-10-12 03:13:00

Apellido: Harris
Nombre: Steve
Legajo: 3
Correo: sharris@maiden.com.uk
Clave: eddie666
Perfil: vendedor
Fecha de logueo: 2023-10-12 03:14:34

Apellido: Gorgen
Nombre: Corey
Legajo: 1
Correo: cgorgen@vendedor.com
Clave: 123abc45
Perfil: vendedor
Fecha de logueo: 2023-10-12 03:15:12

Apellido: Gorgen
Nombre: Corey
Legajo: 1
Correo: cgorgen@vendedor.com
Clave: 123abc45
Perfil: vendedor
Fecha de logueo: 2023-10-12 03:16:01

Apellido: Harroll
Nombre: Ingrid
Legajo: 2
Correo: iharroll@vendedor.com
Clave: qweasdzx
Perfil: vendedor
Fecha de logueo: 2023-10-12 03:16:06

Apellido: Harris
Nombre: Steve
Legajo: 3
Correo: sharris@maiden.com.uk
Clave: eddie666
Perfil: vendedor
Fecha de logueo: 2023-10-12 03:16:10

Apellido: Jordan
Nombre: Michael
Legajo: 5
Correo: admin@admin.com
Clave: 12345678
Perfil: administrador
Fecha de logueo: 2023-10-12 03:16:21

Apellido: Gorgen
Nombre: Corey
Legajo: 1
Correo: cgorgen@vendedor.com
Clave: 123abc45
Perfil: vendedor
Fecha de logueo: 2023-10-12 03:18:23

Apellido: Harroll
Nombre: Ingrid
Legajo: 2
Correo: iharroll@vendedor.com
Clave: qweasdzx
Perfil: vendedor
Fecha de logueo: 2023-10-12 03:18:58

Apellido: Jordan
Nombre: Michael
Legajo: 5
Correo: admin@admin.com
Clave: 12345678
Perfil: administrador
Fecha de logueo: 2023-10-12 03:20:21

Apellido: Harris
Nombre: Steve
Legajo: 3
Correo: sharris@maiden.com.uk
Clave: eddie666
Perfil: vendedor
Fecha de logueo: 2023-10-12 03:20:50

Apellido: Jordan
Nombre: Michael
Legajo: 5
Correo: admin@admin.com
Clave: 12345678
Perfil: administrador
Fecha de logueo: 2023-10-12 03:21:02

Apellido: Harroll
Nombre: Ingrid
Legajo: 2
Correo: iharroll@vendedor.com
Clave: qweasdzx
Perfil: vendedor
Fecha de logueo: 2023-10-12 03:21:50

Apellido: Harroll
Nombre: Ingrid
Legajo: 2
Correo: iharroll@vendedor.com
Clave: qweasdzx
Perfil: vendedor
Fecha de logueo: 2023-10-12 03:22:26

Apellido: Harris
Nombre: Steve
Legajo: 3
Correo: sharris@maiden.com.uk
Clave: eddie666
Perfil: vendedor
Fecha de logueo: 2023-10-12 03:22:55

Apellido: Gorgen
Nombre: Corey
Legajo: 1
Correo: cgorgen@vendedor.com
Clave: 123abc45
Perfil: vendedor
Fecha de logueo: 2023-10-12 03:28:00

Apellido: Jordan
Nombre: Michael
Legajo: 5
Correo: admin@admin.com
Clave: 12345678
Perfil: administrador
Fecha de logueo: 2023-10-12 03:28:39

Apellido: Harris
Nombre: Steve
Legajo: 3
Correo: sharris@maiden.com.uk
Clave: eddie666
Perfil: vendedor
Fecha de logueo: 2023-10-12 03:41:32

Apellido: Robinson
Nombre: Tilda
Legajo: 4
Correo: trobinson@super.com
Clave: 12345678
Perfil: supervisor
Fecha de logueo: 2023-10-12 03:41:44

Apellido: Jordan
Nombre: Michael
Legajo: 5
Correo: admin@admin.com
Clave: 12345678
Perfil: administrador
Fecha de logueo: 2023-10-12 03:43:24

Apellido: 
Nombre: Steve
Legajo: 3
Correo: sharris@maiden.com.uk
Clave: eddie666
Perfil: vendedor
Fecha de logueo: 2023-10-12 03:51:11

Apellido: Harroll
Nombre: Ingrid
Legajo: 2
Correo: iharroll@vendedor.com
Clave: qweasdzx
Perfil: vendedor
Fecha de logueo: 2023-10-12 04:34:49

Apellido: Jordan
Nombre: Michael
Legajo: 5
Correo: admin@admin.com
Clave: 12345678
Perfil: administrador
Fecha de logueo: 2023-10-12 04:35:15

Apellido: Gorgen
Nombre: Corey
Legajo: 1
Correo: cgorgen@vendedor.com
Clave: 123abc45
Perfil: vendedor
Fecha de logueo: 2023-10-12 04:51:40

Apellido: Gorgen
Nombre: Corey
Legajo: 1
Correo: cgorgen@vendedor.com
Clave: 123abc45
Perfil: vendedor
Fecha de logueo: 2023-10-12 04:54:49

Apellido: Harroll
Nombre: Ingrid
Legajo: 2
Correo: iharroll@vendedor.com
Clave: qweasdzx
Perfil: vendedor
Fecha de logueo: 2023-10-12 04:55:46

Apellido: Robinson
Nombre: Tilda
Legajo: 4
Correo: trobinson@super.com
Clave: 12345678
Perfil: supervisor
Fecha de logueo: 2023-10-12 05:16:21

Apellido: Jordan
Nombre: Michael
Legajo: 5
Correo: admin@admin.com
Clave: 12345678
Perfil: administrador
Fecha de logueo: 2023-10-12 05:19:54

Apellido: Jordan
Nombre: Michael
Legajo: 5
Correo: admin@admin.com
Clave: 12345678
Perfil: administrador
Fecha de logueo: 2023-10-12 05:20:01

Apellido: Jordan
Nombre: Michael
Legajo: 5
Correo: admin@admin.com
Clave: 12345678
Perfil: administrador
Fecha de logueo: 2023-10-12 15:36:16

Apellido: Jordan
Nombre: Michael
Legajo: 5
Correo: admin@admin.com
Clave: 12345678
Perfil: administrador
Fecha de logueo: 2023-10-12 15:37:49

Apellido: Gorgen
Nombre: Corey
Legajo: 1
Correo: cgorgen@vendedor.com
Clave: 123abc45
Perfil: vendedor
Fecha de logueo: 2023-10-12 16:11:36

Apellido: Harris
Nombre: Steve
Legajo: 3
Correo: sharris@maiden.com.uk
Clave: eddie666
Perfil: vendedor
Fecha de logueo: 2023-10-12 16:13:01

Apellido: Robinson
Nombre: Tilda
Legajo: 4
Correo: trobinson@super.com
Clave: 12345678
Perfil: supervisor
Fecha de logueo: 2023-10-12 16:17:21

Apellido: Robinson
Nombre: Tilda
Legajo: 4
Correo: trobinson@super.com
Clave: 12345678
Perfil: supervisor
Fecha de logueo: 2023-10-12 16:19:10

Apellido: Jordan
Nombre: Michael
Legajo: 5
Correo: admin@admin.com
Clave: 12345678
Perfil: administrador
Fecha de logueo: 2023-10-12 17:26:56

Apellido: Robinson
Nombre: Tilda
Legajo: 4
Correo: trobinson@super.com
Clave: 12345678
Perfil: supervisor
Fecha de logueo: 2023-10-12 17:32:06

Apellido: Robinson
Nombre: Tilda
Legajo: 4
Correo: trobinson@super.com
Clave: 12345678
Perfil: supervisor
Fecha de logueo: 2023-10-12 18:06:47

Apellido: Jordan
Nombre: Michael
Legajo: 5
Correo: admin@admin.com
Clave: 12345678
Perfil: administrador
Fecha de logueo: 2023-10-12 18:06:57

Apellido: Harris
Nombre: Steve
Legajo: 3
Correo: sharris@maiden.com.uk
Clave: eddie666
Perfil: vendedor
Fecha de logueo: 2023-10-12 23:23:17

Apellido: Harroll
Nombre: Ingrid
Legajo: 2
Correo: iharroll@vendedor.com
Clave: qweasdzx
Perfil: vendedor
Fecha de logueo: 2023-10-12 23:43:13

Apellido: Gorgen
Nombre: Corey
Legajo: 1
Correo: cgorgen@vendedor.com
Clave: 123abc45
Perfil: vendedor
Fecha de logueo: 2023-10-13 01:42:37

Apellido: Harris
Nombre: Steve
Legajo: 3
Correo: sharris@maiden.com.uk
Clave: eddie666
Perfil: vendedor
Fecha de logueo: 2023-10-13 02:16:53

Apellido: Robinson
Nombre: Tilda
Legajo: 4
Correo: trobinson@super.com
Clave: 12345678
Perfil: supervisor
Fecha de logueo: 2023-10-13 02:19:28

Apellido: Harris
Nombre: Steve
Legajo: 3
Correo: sharris@maiden.com.uk
Clave: eddie666
Perfil: vendedor
Fecha de logueo: 2023-10-13 02:20:45

Apellido: Robinson
Nombre: Tilda
Legajo: 4
Correo: trobinson@super.com
Clave: 12345678
Perfil: supervisor
Fecha de logueo: 2023-10-13 02:22:51

Apellido: Harroll
Nombre: Ingrid
Legajo: 2
Correo: iharroll@vendedor.com
Clave: qweasdzx
Perfil: vendedor
Fecha de logueo: 2023-10-13 18:30:08

Apellido: Jordan
Nombre: Michael
Legajo: 5
Correo: admin@admin.com
Clave: 12345678
Perfil: administrador
Fecha de logueo: 2023-10-13 18:32:15

Apellido: Gorgen
Nombre: Corey
Legajo: 1
Correo: cgorgen@vendedor.com
Clave: 123abc45
Perfil: vendedor
Fecha de logueo: 2023-10-13 18:35:00

Apellido: Robinson
Nombre: Tilda
Legajo: 4
Correo: trobinson@super.com
Clave: 12345678
Perfil: supervisor
Fecha de logueo: 2023-10-13 18:39:35

Apellido: Harris
Nombre: Steve
Legajo: 3
Correo: sharris@maiden.com.uk
Clave: eddie666
Perfil: vendedor
Fecha de logueo: 2023-10-13 20:17:11

Apellido: Harris
Nombre: Steve
Legajo: 3
Correo: sharris@maiden.com.uk
Clave: eddie666
Perfil: vendedor
Fecha de logueo: 2023-10-13 20:26:48

Apellido: Gorgen
Nombre: Corey
Legajo: 1
Correo: cgorgen@vendedor.com
Clave: 123abc45
Perfil: vendedor
Fecha de logueo: 2023-10-13 21:02:51

Apellido: Jordan
Nombre: Michael
Legajo: 5
Correo: admin@admin.com
Clave: 12345678
Perfil: administrador
Fecha de logueo: 2023-10-13 23:41:32

Apellido: Jordan
Nombre: Michael
Legajo: 5
Correo: admin@admin.com
Clave: 12345678
Perfil: administrador
Fecha de logueo: 2023-10-14 00:04:18

Apellido: Harris
Nombre: Steve
Legajo: 3
Correo: sharris@maiden.com.uk
Clave: eddie666
Perfil: vendedor
Fecha de logueo: 2023-10-14 01:01:24

Apellido: Robinson
Nombre: Tilda
Legajo: 4
Correo: trobinson@super.com
Clave: 12345678
Perfil: supervisor
Fecha de logueo: 2023-10-14 01:08:18

Apellido: Gorgen
Nombre: Corey
Legajo: 1
Correo: cgorgen@vendedor.com
Clave: 123abc45
Perfil: vendedor
Fecha de logueo: 2023-10-14 01:12:29

Apellido: Harris
Nombre: Steve
Legajo: 3
Correo: sharris@maiden.com.uk
Clave: eddie666
Perfil: vendedor
Fecha de logueo: 2023-10-14 01:16:41

Apellido: Jordan
Nombre: Michael
Legajo: 5
Correo: admin@admin.com
Clave: 12345678
Perfil: administrador
Fecha de logueo: 2023-10-14 01:47:21

Apellido: Robinson
Nombre: Tilda
Legajo: 4
Correo: trobinson@super.com
Clave: 12345678
Perfil: supervisor
Fecha de logueo: 2023-10-14 02:15:44

Apellido: Jordan
Nombre: Michael
Legajo: 5
Correo: admin@admin.com
Clave: 12345678
Perfil: administrador
Fecha de logueo: 2023-10-14 02:17:31

Apellido: Harroll
Nombre: Ingrid
Legajo: 2
Correo: iharroll@vendedor.com
Clave: qweasdzx
Perfil: vendedor
Fecha de logueo: 2023-10-14 02:55:21

Apellido: Robinson
Nombre: Tilda
Legajo: 4
Correo: trobinson@super.com
Clave: 12345678
Perfil: supervisor
Fecha de logueo: 2023-10-14 02:56:52

Apellido: Harroll
Nombre: Ingrid
Legajo: 2
Correo: iharroll@vendedor.com
Clave: qweasdzx
Perfil: vendedor
Fecha de logueo: 2023-10-14 02:57:58

Apellido: Harroll
Nombre: Ingrid
Legajo: 2
Correo: iharroll@vendedor.com
Clave: qweasdzx
Perfil: vendedor
Fecha de logueo: 2023-10-14 03:06:26

Apellido: Harroll
Nombre: Ingrid
Legajo: 2
Correo: iharroll@vendedor.com
Clave: qweasdzx
Perfil: vendedor
Fecha de logueo: 2023-10-14 20:00:44

Apellido: Robinson
Nombre: Tilda
Legajo: 4
Correo: trobinson@super.com
Clave: 12345678
Perfil: supervisor
Fecha de logueo: 2023-10-14 20:01:01

Apellido: Gorgen
Nombre: Corey
Legajo: 1
Correo: cgorgen@vendedor.com
Clave: 123abc45
Perfil: vendedor
Fecha de logueo: 2023-10-14 20:11:25

Apellido: Jordan
Nombre: Michael
Legajo: 5
Correo: admin@admin.com
Clave: 12345678
Perfil: administrador
Fecha de logueo: 2023-10-14 20:13:17

Apellido: Gorgen
Nombre: Corey
Legajo: 1
Correo: cgorgen@vendedor.com
Clave: 123abc45
Perfil: vendedor
Fecha de logueo: 2023-10-15 02:04:07

Apellido: Robinson
Nombre: Tilda
Legajo: 4
Correo: trobinson@super.com
Clave: 12345678
Perfil: supervisor
Fecha de logueo: 2023-10-15 02:33:35

Apellido: Harroll
Nombre: Ingrid
Legajo: 2
Correo: iharroll@vendedor.com
Clave: qweasdzx
Perfil: vendedor
Fecha de logueo: 2023-10-15 17:57:44

Apellido: Harris
Nombre: Steve
Legajo: 3
Correo: sharris@maiden.com.uk
Clave: eddie666
Perfil: vendedor
Fecha de logueo: 2023-10-15 18:08:20

Apellido: Robinson
Nombre: Tilda
Legajo: 4
Correo: trobinson@super.com
Clave: 12345678
Perfil: supervisor
Fecha de logueo: 2023-10-15 18:18:55

Apellido: Robinson
Nombre: Tilda
Legajo: 4
Correo: trobinson@super.com
Clave: 12345678
Perfil: supervisor
Fecha de logueo: 2023-10-15 19:46:07

Apellido: Jordan
Nombre: Michael
Legajo: 5
Correo: admin@admin.com
Clave: 12345678
Perfil: administrador
Fecha de logueo: 2023-10-16 10:24:30

Apellido: Gorgen
Nombre: Corey
Legajo: 1
Correo: cgorgen@vendedor.com
Clave: 123abc45
Perfil: vendedor
Fecha de logueo: 2023-10-16 21:16:03

Apellido: Gorgen
Nombre: Corey
Legajo: 1
Correo: cgorgen@vendedor.com
Clave: 123abc45
Perfil: vendedor
Fecha de logueo: 2023-10-18 02:48:54

Apellido: Gorgen
Nombre: Corey
Legajo: 1
Correo: cgorgen@vendedor.com
Clave: 123abc45
Perfil: vendedor
Fecha de logueo: 2023-10-18 02:49:03

Apellido: Gorgen
Nombre: Corey
Legajo: 1
Correo: cgorgen@vendedor.com
Clave: 123abc45
Perfil: vendedor
Fecha de logueo: 2023-10-18 03:03:32

Apellido: Harris
Nombre: Steve
Legajo: 3
Correo: sharris@maiden.com.uk
Clave: eddie666
Perfil: vendedor
Fecha de logueo: 2023-10-18 03:12:24

Apellido: Harroll
Nombre: Ingrid
Legajo: 2
Correo: iharroll@vendedor.com
Clave: qweasdzx
Perfil: vendedor
Fecha de logueo: 2023-10-18 03:21:28

Apellido: Harris
Nombre: Steve
Legajo: 3
Correo: sharris@maiden.com.uk
Clave: eddie666
Perfil: vendedor
Fecha de logueo: 2023-10-18 03:26:03

Apellido: Harroll
Nombre: Ingrid
Legajo: 2
Correo: iharroll@vendedor.com
Clave: qweasdzx
Perfil: vendedor
Fecha de logueo: 2023-10-18 08:29:38

Apellido: Harroll
Nombre: Ingrid
Legajo: 2
Correo: iharroll@vendedor.com
Clave: qweasdzx
Perfil: vendedor
Fecha de logueo: 2023-10-18 19:53:12

Apellido: Harroll
Nombre: Ingrid
Legajo: 2
Correo: iharroll@vendedor.com
Clave: qweasdzx
Perfil: vendedor
Fecha de logueo: 2023-10-19 17:13:35

Apellido: Gorgen
Nombre: Corey
Legajo: 1
Correo: cgorgen@vendedor.com
Clave: 123abc45
Perfil: vendedor
Fecha de logueo: 2023-10-19 17:15:53

Apellido: Harroll
Nombre: Ingrid
Legajo: 2
Correo: iharroll@vendedor.com
Clave: qweasdzx
Perfil: vendedor
Fecha de logueo: 2023-10-19 17:16:06

Apellido: Gorgen
Nombre: Corey
Legajo: 1
Correo: cgorgen@vendedor.com
Clave: 123abc45
Perfil: vendedor
Fecha de logueo: 2023-10-20 07:35:01

Apellido: Robinson
Nombre: Tilda
Legajo: 4
Correo: trobinson@super.com
Clave: 12345678
Perfil: supervisor
Fecha de logueo: 2023-10-20 07:35:25

Apellido: Gorgen
Nombre: Corey
Legajo: 1
Correo: cgorgen@vendedor.com
Clave: 123abc45
Perfil: vendedor
Fecha de logueo: 2023-10-20 07:44:47

Apellido: Jordan
Nombre: Michael
Legajo: 5
Correo: admin@admin.com
Clave: 12345678
Perfil: administrador
Fecha de logueo: 2023-10-26 01:23:08

Apellido: Harris
Nombre: Steve
Legajo: 3
Correo: sharris@maiden.com.uk
Clave: eddie666
Perfil: vendedor
Fecha de logueo: 2023-10-26 01:23:21

Apellido: Harroll
Nombre: Ingrid
Legajo: 2
Correo: iharroll@vendedor.com
Clave: qweasdzx
Perfil: vendedor
Fecha de logueo: 2023-10-26 01:23:27

Apellido: Robinson
Nombre: Tilda
Legajo: 4
Correo: trobinson@super.com
Clave: 12345678
Perfil: supervisor
Fecha de logueo: 2023-10-31 12:01:36

Apellido: Harroll
Nombre: Ingrid
Legajo: 2
Correo: iharroll@vendedor.com
Clave: qweasdzx
Perfil: vendedor
Fecha de logueo: 2023-11-10 05:52:39

Apellido: Harroll
Nombre: Ingrid
Legajo: 2
Correo: iharroll@vendedor.com
Clave: qweasdzx
Perfil: vendedor
Fecha de logueo: 2023-11-10 05:53:19

Apellido: Robinson
Nombre: Tilda
Legajo: 4
Correo: trobinson@super.com
Clave: 12345678
Perfil: supervisor
Fecha de logueo: 2023-11-10 05:54:05

Apellido: Harris
Nombre: Steve
Legajo: 3
Correo: sharris@maiden.com.uk
Clave: eddie666
Perfil: vendedor
Fecha de logueo: 2023-11-10 05:54:42

Apellido: Robinson
Nombre: Tilda
Legajo: 4
Correo: trobinson@super.com
Clave: 12345678
Perfil: supervisor
Fecha de logueo: 2023-11-10 05:57:43

Apellido: Harris
Nombre: Steve
Legajo: 3
Correo: sharris@maiden.com.uk
Clave: eddie666
Perfil: vendedor
Fecha de logueo: 2023-11-10 05:58:12

Apellido: Harris
Nombre: Steve
Legajo: 3
Correo: sharris@maiden.com.uk
Clave: eddie666
Perfil: vendedor
Fecha de logueo: 2023-11-10 11:01:35

Apellido: Harris
Nombre: Steve
Legajo: 3
Correo: sharris@maiden.com.uk
Clave: eddie666
Perfil: vendedor
Fecha de logueo: 2023-11-10 22:05:23

Apellido: Gorgen
Nombre: Corey
Legajo: 1
Correo: cgorgen@vendedor.com
Clave: 123abc45
Perfil: vendedor
Fecha de logueo: 2023-11-10 22:10:18

Apellido: Harris
Nombre: Steve
Legajo: 3
Correo: sharris@maiden.com.uk
Clave: eddie666
Perfil: vendedor
Fecha de logueo: 2023-11-10 22:12:41

Apellido: Jordan
Nombre: Michael
Legajo: 5
Correo: admin@admin.com
Clave: 12345678
Perfil: administrador
Fecha de logueo: 2023-11-10 22:14:20

Apellido: Jordan
Nombre: Michael
Legajo: 5
Correo: admin@admin.com
Clave: 12345678
Perfil: administrador
Fecha de logueo: 2023-11-10 22:15:37

Apellido: Jordan
Nombre: Michael
Legajo: 5
Correo: admin@admin.com
Clave: 12345678
Perfil: administrador
Fecha de logueo: 2023-11-10 22:16:49

Apellido: Robinson
Nombre: Tilda
Legajo: 4
Correo: trobinson@super.com
Clave: 12345678
Perfil: supervisor
Fecha de logueo: 2023-11-10 22:19:26

Apellido: Jordan
Nombre: Michael
Legajo: 5
Correo: admin@admin.com
Clave: 12345678
Perfil: administrador
Fecha de logueo: 2023-11-10 22:20:35

Apellido: Harris
Nombre: Steve
Legajo: 3
Correo: sharris@maiden.com.uk
Clave: eddie666
Perfil: vendedor
Fecha de logueo: 2023-11-10 23:49:48

Apellido: Harroll
Nombre: Ingrid
Legajo: 2
Correo: iharroll@vendedor.com
Clave: qweasdzx
Perfil: vendedor
Fecha de logueo: 2023-11-10 23:51:03

Apellido: Harris
Nombre: Steve
Legajo: 3
Correo: sharris@maiden.com.uk
Clave: eddie666
Perfil: vendedor
Fecha de logueo: 2023-11-10 23:52:45

Apellido: Jordan
Nombre: Michael
Legajo: 5
Correo: admin@admin.com
Clave: 12345678
Perfil: administrador
Fecha de logueo: 2023-11-10 23:58:13

Apellido: Harris
Nombre: Steve
Legajo: 3
Correo: sharris@maiden.com.uk
Clave: eddie666
Perfil: vendedor
Fecha de logueo: 2023-11-11 00:02:02

Apellido: Gorgen
Nombre: Corey
Legajo: 1
Correo: cgorgen@vendedor.com
Clave: 123abc45
Perfil: vendedor
Fecha de logueo: 2023-11-11 00:02:51

Apellido: Harris
Nombre: Steve
Legajo: 3
Correo: sharris@maiden.com.uk
Clave: eddie666
Perfil: vendedor
Fecha de logueo: 2023-11-11 00:04:45

Apellido: Harris
Nombre: Steve
Legajo: 3
Correo: sharris@maiden.com.uk
Clave: eddie666
Perfil: vendedor
Fecha de logueo: 2023-11-11 00:05:27

Apellido: Jordan
Nombre: Michael
Legajo: 5
Correo: admin@admin.com
Clave: 12345678
Perfil: administrador
Fecha de logueo: 2023-11-11 00:31:26

Apellido: Harroll
Nombre: Ingrid
Legajo: 2
Correo: iharroll@vendedor.com
Clave: qweasdzx
Perfil: vendedor
Fecha de logueo: 2023-11-11 04:21:08

Apellido: Harroll
Nombre: Ingrid
Legajo: 2
Correo: iharroll@vendedor.com
Clave: qweasdzx
Perfil: vendedor
Fecha de logueo: 2023-11-11 04:23:12

Apellido: Jordan
Nombre: Michael
Legajo: 5
Correo: admin@admin.com
Clave: 12345678
Perfil: administrador
Fecha de logueo: 2023-11-11 04:25:48

Apellido: Harris
Nombre: Steve
Legajo: 3
Correo: sharris@maiden.com.uk
Clave: eddie666
Perfil: vendedor
Fecha de logueo: 2023-11-11 04:26:49

Apellido: Robinson
Nombre: Tilda
Legajo: 4
Correo: trobinson@super.com
Clave: 12345678
Perfil: supervisor
Fecha de logueo: 2023-11-11 04:27:08

Apellido: Robinson
Nombre: Tilda
Legajo: 4
Correo: trobinson@super.com
Clave: 12345678
Perfil: supervisor
Fecha de logueo: 2023-11-11 04:31:45

Apellido: Harroll
Nombre: Ingrid
Legajo: 2
Correo: iharroll@vendedor.com
Clave: qweasdzx
Perfil: vendedor
Fecha de logueo: 2023-11-11 04:32:24

Apellido: Jordan
Nombre: Michael
Legajo: 5
Correo: admin@admin.com
Clave: 12345678
Perfil: administrador
Fecha de logueo: 2023-11-11 04:33:23

Apellido: Harris
Nombre: Steve
Legajo: 3
Correo: sharris@maiden.com.uk
Clave: eddie666
Perfil: vendedor
Fecha de logueo: 2023-11-11 04:34:47

Apellido: Harroll
Nombre: Ingrid
Legajo: 2
Correo: iharroll@vendedor.com
Clave: qweasdzx
Perfil: vendedor
Fecha de logueo: 2023-11-11 04:37:55

Apellido: Jordan
Nombre: Michael
Legajo: 5
Correo: admin@admin.com
Clave: 12345678
Perfil: administrador
Fecha de logueo: 2023-11-11 04:42:12

Apellido: Gorgen
Nombre: Corey
Legajo: 1
Correo: cgorgen@vendedor.com
Clave: 123abc45
Perfil: vendedor
Fecha de logueo: 2023-11-11 04:48:19

Apellido: Harris
Nombre: Steve
Legajo: 3
Correo: sharris@maiden.com.uk
Clave: eddie666
Perfil: vendedor
Fecha de logueo: 2023-11-11 04:52:00

Apellido: Harris
Nombre: Steve
Legajo: 3
Correo: sharris@maiden.com.uk
Clave: eddie666
Perfil: vendedor
Fecha de logueo: 2023-11-11 04:53:56

Apellido: Robinson
Nombre: Tilda
Legajo: 4
Correo: trobinson@super.com
Clave: 12345678
Perfil: supervisor
Fecha de logueo: 2023-11-11 05:00:25

Apellido: Robinson
Nombre: Tilda
Legajo: 4
Correo: trobinson@super.com
Clave: 12345678
Perfil: supervisor
Fecha de logueo: 2023-11-11 05:03:34

Apellido: Gorgen
Nombre: Corey
Legajo: 1
Correo: cgorgen@vendedor.com
Clave: 123abc45
Perfil: vendedor
Fecha de logueo: 2023-11-11 05:05:04

Apellido: Harris
Nombre: Steve
Legajo: 3
Correo: sharris@maiden.com.uk
Clave: eddie666
Perfil: vendedor
Fecha de logueo: 2023-11-11 05:07:50

Apellido: Harroll
Nombre: Ingrid
Legajo: 2
Correo: iharroll@vendedor.com
Clave: qweasdzx
Perfil: vendedor
Fecha de logueo: 2023-11-11 05:10:49

Apellido: Harris
Nombre: Steve
Legajo: 3
Correo: sharris@maiden.com.uk
Clave: eddie666
Perfil: vendedor
Fecha de logueo: 2023-11-11 05:25:19

Apellido: Gorgen
Nombre: Corey
Legajo: 1
Correo: cgorgen@vendedor.com
Clave: 123abc45
Perfil: vendedor
Fecha de logueo: 2023-11-11 05:54:40

Apellido: Robinson
Nombre: Tilda
Legajo: 4
Correo: trobinson@super.com
Clave: 12345678
Perfil: supervisor
Fecha de logueo: 2023-11-11 05:58:37

Apellido: Harris
Nombre: Steve
Legajo: 3
Correo: sharris@maiden.com.uk
Clave: eddie666
Perfil: vendedor
Fecha de logueo: 2023-11-11 06:09:55

Apellido: Robinson
Nombre: Tilda
Legajo: 4
Correo: trobinson@super.com
Clave: 12345678
Perfil: supervisor
Fecha de logueo: 2023-11-11 06:12:50

Apellido: Harroll
Nombre: Ingrid
Legajo: 2
Correo: iharroll@vendedor.com
Clave: qweasdzx
Perfil: vendedor
Fecha de logueo: 2023-11-11 06:16:06

Apellido: Gorgen
Nombre: Corey
Legajo: 1
Correo: cgorgen@vendedor.com
Clave: 123abc45
Perfil: vendedor
Fecha de logueo: 2023-11-11 06:19:03

Apellido: Gorgen
Nombre: Corey
Legajo: 1
Correo: cgorgen@vendedor.com
Clave: 123abc45
Perfil: vendedor
Fecha de logueo: 2023-11-11 06:19:37

Apellido: Robinson
Nombre: Tilda
Legajo: 4
Correo: trobinson@super.com
Clave: 12345678
Perfil: supervisor
Fecha de logueo: 2023-11-11 06:22:14

Apellido: Robinson
Nombre: Tilda
Legajo: 4
Correo: trobinson@super.com
Clave: 12345678
Perfil: supervisor
Fecha de logueo: 2023-11-11 06:23:11

Apellido: Harroll
Nombre: Ingrid
Legajo: 2
Correo: iharroll@vendedor.com
Clave: qweasdzx
Perfil: vendedor
Fecha de logueo: 2023-11-11 06:24:23

Apellido: Robinson
Nombre: Tilda
Legajo: 4
Correo: trobinson@super.com
Clave: 12345678
Perfil: supervisor
Fecha de logueo: 2023-11-11 06:27:16

Apellido: Robinson
Nombre: Tilda
Legajo: 4
Correo: trobinson@super.com
Clave: 12345678
Perfil: supervisor
Fecha de logueo: 2023-11-11 06:28:20

Apellido: Jordan
Nombre: Michael
Legajo: 5
Correo: admin@admin.com
Clave: 12345678
Perfil: administrador
Fecha de logueo: 2023-11-11 06:29:05

Apellido: Harris
Nombre: Steve
Legajo: 3
Correo: sharris@maiden.com.uk
Clave: eddie666
Perfil: vendedor
Fecha de logueo: 2023-11-11 06:29:39

Apellido: Jordan
Nombre: Michael
Legajo: 5
Correo: admin@admin.com
Clave: 12345678
Perfil: administrador
Fecha de logueo: 2023-11-11 06:31:31

Apellido: Harris
Nombre: Steve
Legajo: 3
Correo: sharris@maiden.com.uk
Clave: eddie666
Perfil: vendedor
Fecha de logueo: 2023-11-11 06:32:02

Apellido: Gorgen
Nombre: Corey
Legajo: 1
Correo: cgorgen@vendedor.com
Clave: 123abc45
Perfil: vendedor
Fecha de logueo: 2023-11-11 06:37:26

Apellido: Jordan
Nombre: Michael
Legajo: 5
Correo: admin@admin.com
Clave: 12345678
Perfil: administrador
Fecha de logueo: 2023-11-11 06:45:45

Apellido: Robinson
Nombre: Tilda
Legajo: 4
Correo: trobinson@super.com
Clave: 12345678
Perfil: supervisor
Fecha de logueo: 2023-11-11 06:52:14

Apellido: Jordan
Nombre: Michael
Legajo: 5
Correo: admin@admin.com
Clave: 12345678
Perfil: administrador
Fecha de logueo: 2023-11-11 07:14:10

Apellido: Robinson
Nombre: Tilda
Legajo: 4
Correo: trobinson@super.com
Clave: 12345678
Perfil: supervisor
Fecha de logueo: 2023-11-11 07:16:31

Apellido: Jordan
Nombre: Michael
Legajo: 5
Correo: admin@admin.com
Clave: 12345678
Perfil: administrador
Fecha de logueo: 2023-11-11 07:18:15

Apellido: Harroll
Nombre: Ingrid
Legajo: 2
Correo: iharroll@vendedor.com
Clave: qweasdzx
Perfil: vendedor
Fecha de logueo: 2023-11-11 07:41:54

Apellido: Gorgen
Nombre: Corey
Legajo: 1
Correo: cgorgen@vendedor.com
Clave: 123abc45
Perfil: vendedor
Fecha de logueo: 2023-11-11 07:43:00

Apellido: Jordan
Nombre: Michael
Legajo: 5
Correo: admin@admin.com
Clave: 12345678
Perfil: administrador
Fecha de logueo: 2023-11-11 07:43:31

Apellido: Jordan
Nombre: Michael
Legajo: 5
Correo: admin@admin.com
Clave: 12345678
Perfil: administrador
Fecha de logueo: 2023-11-12 00:21:58

Apellido: Gorgen
Nombre: Corey
Legajo: 1
Correo: cgorgen@vendedor.com
Clave: 123abc45
Perfil: vendedor
Fecha de logueo: 2023-11-12 01:13:57

Apellido: Robinson
Nombre: Tilda
Legajo: 4
Correo: trobinson@super.com
Clave: 12345678
Perfil: supervisor
Fecha de logueo: 2023-11-12 01:14:44

Apellido: Harroll
Nombre: Ingrid
Legajo: 2
Correo: iharroll@vendedor.com
Clave: qweasdzx
Perfil: vendedor
Fecha de logueo: 2023-11-12 01:20:14

Apellido: Harroll
Nombre: Ingrid
Legajo: 2
Correo: iharroll@vendedor.com
Clave: qweasdzx
Perfil: vendedor
Fecha de logueo: 2023-11-12 01:22:51

Apellido: Harroll
Nombre: Ingrid
Legajo: 2
Correo: iharroll@vendedor.com
Clave: qweasdzx
Perfil: vendedor
Fecha de logueo: 2023-11-12 01:23:47

Apellido: Gorgen
Nombre: Corey
Legajo: 1
Correo: cgorgen@vendedor.com
Clave: 123abc45
Perfil: vendedor
Fecha de logueo: 2023-11-12 01:24:01

Apellido: Robinson
Nombre: Tilda
Legajo: 4
Correo: trobinson@super.com
Clave: 12345678
Perfil: supervisor
Fecha de logueo: 2023-11-12 01:39:11

Apellido: Robinson
Nombre: Tilda
Legajo: 4
Correo: trobinson@super.com
Clave: 12345678
Perfil: supervisor
Fecha de logueo: 2023-11-12 01:39:36

Apellido: Robinson
Nombre: Tilda
Legajo: 4
Correo: trobinson@super.com
Clave: 12345678
Perfil: supervisor
Fecha de logueo: 2023-11-12 02:13:38

Apellido: Harroll
Nombre: Ingrid
Legajo: 2
Correo: iharroll@vendedor.com
Clave: qweasdzx
Perfil: vendedor
Fecha de logueo: 2023-11-12 02:17:39

Apellido: Jordan
Nombre: Michael
Legajo: 5
Correo: admin@admin.com
Clave: 12345678
Perfil: administrador
Fecha de logueo: 2023-11-12 02:18:21

Apellido: Jordan
Nombre: Michael
Legajo: 5
Correo: admin@admin.com
Clave: 12345678
Perfil: administrador
Fecha de logueo: 2023-11-12 02:18:47

Apellido: Jordan
Nombre: Michael
Legajo: 5
Correo: admin@admin.com
Clave: 12345678
Perfil: administrador
Fecha de logueo: 2023-11-12 03:16:30

Apellido: Harroll
Nombre: Ingrid
Legajo: 2
Correo: iharroll@vendedor.com
Clave: qweasdzx
Perfil: vendedor
Fecha de logueo: 2023-11-13 01:33:55

Apellido: Jordan
Nombre: Michael
Legajo: 5
Correo: admin@admin.com
Clave: 12345678
Perfil: administrador
Fecha de logueo: 2023-11-13 01:36:55

Apellido: Harris
Nombre: Steve
Legajo: 3
Correo: sharris@maiden.com.uk
Clave: eddie666
Perfil: vendedor
Fecha de logueo: 2023-11-13 01:42:05

Apellido: Robinson
Nombre: Tilda
Legajo: 4
Correo: trobinson@super.com
Clave: 12345678
Perfil: supervisor
Fecha de logueo: 2023-11-13 01:47:02

Apellido: Gorgen
Nombre: Corey
Legajo: 1
Correo: cgorgen@vendedor.com
Clave: 123abc45
Perfil: vendedor
Fecha de logueo: 2023-11-13 01:48:49

Apellido: Robinson
Nombre: Tilda
Legajo: 4
Correo: trobinson@super.com
Clave: 12345678
Perfil: supervisor
Fecha de logueo: 2023-11-13 01:51:08

Apellido: Harroll
Nombre: Ingrid
Legajo: 2
Correo: iharroll@vendedor.com
Clave: qweasdzx
Perfil: vendedor
Fecha de logueo: 2023-11-13 01:51:14

Apellido: Jordan
Nombre: Michael
Legajo: 5
Correo: admin@admin.com
Clave: 12345678
Perfil: administrador
Fecha de logueo: 2023-11-13 02:21:20

Apellido: Gorgen
Nombre: Corey
Legajo: 1
Correo: cgorgen@vendedor.com
Clave: 123abc45
Perfil: vendedor
Fecha de logueo: 2023-11-13 02:44:29

Apellido: Robinson
Nombre: Tilda
Legajo: 4
Correo: trobinson@super.com
Clave: 12345678
Perfil: supervisor
Fecha de logueo: 2023-11-13 02:45:03

Apellido: Jordan
Nombre: Michael
Legajo: 5
Correo: admin@admin.com
Clave: 12345678
Perfil: administrador
Fecha de logueo: 2023-11-15 02:34:38

Apellido: Jordan
Nombre: Michael
Legajo: 5
Correo: admin@admin.com
Clave: 12345678
Perfil: administrador
Fecha de logueo: 2023-11-15 02:35:22

